2023-10-15 13:47:35,524 INFO o.s.b.StartupInfoLogger [main] Starting Application using Java 20.0.2 with PID 95809 (/Users/Taras_Kushmyruk/Downloads/VacationNotificationSystem/target/classes started by Taras_Kushmyruk in /Users/Taras_Kushmyruk/Downloads/VacationNotificationSystem)
2023-10-15 13:47:35,530 INFO o.s.b.SpringApplication [main] No active profile set, falling back to 1 default profile: "default"
2023-10-15 13:47:37,834 INFO o.s.d.r.c.RepositoryConfigurationDelegate [main] Bootstrapping Spring Data JPA repositories in DEFAULT mode.
2023-10-15 13:47:37,998 INFO o.s.d.r.c.RepositoryConfigurationDelegate [main] Finished Spring Data repository scanning in 156 ms. Found 1 JPA repository interfaces.
2023-10-15 13:47:38,235 INFO o.s.c.c.s.GenericScope [main] BeanFactory id=0b668014-afcb-38a4-ac30-d633a515b0ec
2023-10-15 13:47:38,566 INFO o.s.c.s.PostProcessorRegistrationDelegate$BeanPostProcessorChecker [main] Bean 'org.example.client.PositionClient' of type [org.springframework.cloud.openfeign.FeignClientFactoryBean] is not eligible for getting processed by all BeanPostProcessors (for example: not eligible for auto-proxying)
2023-10-15 13:47:38,573 INFO o.s.c.s.PostProcessorRegistrationDelegate$BeanPostProcessorChecker [main] Bean 'org.example.client.PostFeignClient' of type [org.springframework.cloud.openfeign.FeignClientFactoryBean] is not eligible for getting processed by all BeanPostProcessors (for example: not eligible for auto-proxying)
2023-10-15 13:47:38,578 INFO o.s.c.s.PostProcessorRegistrationDelegate$BeanPostProcessorChecker [main] Bean 'org.example.client.StaffingClient' of type [org.springframework.cloud.openfeign.FeignClientFactoryBean] is not eligible for getting processed by all BeanPostProcessors (for example: not eligible for auto-proxying)
2023-10-15 13:47:38,585 INFO o.s.c.s.PostProcessorRegistrationDelegate$BeanPostProcessorChecker [main] Bean 'org.example.client.TeamsClient' of type [org.springframework.cloud.openfeign.FeignClientFactoryBean] is not eligible for getting processed by all BeanPostProcessors (for example: not eligible for auto-proxying)
2023-10-15 13:47:38,906 INFO o.s.b.w.e.t.TomcatWebServer [main] Tomcat initialized with port(s): 2244 (http)
2023-10-15 13:47:38,915 INFO o.a.j.l.DirectJDKLog [main] Initializing ProtocolHandler ["http-nio-2244"]
2023-10-15 13:47:38,916 INFO o.a.j.l.DirectJDKLog [main] Starting service [Tomcat]
2023-10-15 13:47:38,917 INFO o.a.j.l.DirectJDKLog [main] Starting Servlet engine: [Apache Tomcat/10.1.10]
2023-10-15 13:47:39,011 INFO o.a.j.l.DirectJDKLog [main] Initializing Spring embedded WebApplicationContext
2023-10-15 13:47:39,012 INFO o.s.b.w.s.c.ServletWebServerApplicationContext [main] Root WebApplicationContext: initialization completed in 2690 ms
2023-10-15 13:47:39,230 INFO c.z.h.HikariDataSource [main] HikariPool-1 - Starting...
2023-10-15 13:47:39,356 INFO c.z.h.p.HikariPool [main] HikariPool-1 - Added connection conn0: url=jdbc:h2:mem:mydb user=SA
2023-10-15 13:47:39,359 INFO c.z.h.HikariDataSource [main] HikariPool-1 - Start completed.
2023-10-15 13:47:39,406 INFO o.h.j.i.u.LogHelper [main] HHH000204: Processing PersistenceUnitInfo [name: default]
2023-10-15 13:47:39,453 INFO o.h.Version [main] HHH000412: Hibernate ORM core version 6.2.5.Final
2023-10-15 13:47:39,455 INFO o.h.c.Environment [main] HHH000406: Using bytecode reflection optimizer
2023-10-15 13:47:39,544 INFO o.h.b.i.BytecodeProviderInitiator [main] HHH000021: Bytecode provider name : bytebuddy
2023-10-15 13:47:39,635 INFO o.s.o.j.p.SpringPersistenceUnitInfo [main] No LoadTimeWeaver setup: ignoring JPA class transformer
2023-10-15 13:47:39,769 INFO o.h.b.i.BytecodeProviderInitiator [main] HHH000021: Bytecode provider name : bytebuddy
2023-10-15 13:47:40,361 INFO o.h.e.t.j.p.i.JtaPlatformInitiator [main] HHH000490: Using JtaPlatform implementation: [org.hibernate.engine.transaction.jta.platform.internal.NoJtaPlatform]
2023-10-15 13:47:40,397 INFO o.s.o.j.AbstractEntityManagerFactoryBean [main] Initialized JPA EntityManagerFactory for persistence unit 'default'
2023-10-15 13:47:40,753 INFO o.s.d.j.r.q.QueryEnhancerFactory [main] Hibernate is in classpath; If applicable, HQL parser will be used.
2023-10-15 13:47:41,256 WARN o.s.b.a.o.j.JpaBaseConfiguration$JpaWebConfiguration [main] spring.jpa.open-in-view is enabled by default. Therefore, database queries may be performed during view rendering. Explicitly configure spring.jpa.open-in-view to disable this warning
2023-10-15 13:47:42,114 INFO o.s.b.a.e.w.EndpointLinksResolver [main] Exposing 1 endpoint(s) beneath base path '/actuator'
2023-10-15 13:47:42,185 INFO o.a.j.l.DirectJDKLog [main] Starting ProtocolHandler ["http-nio-2244"]
2023-10-15 13:47:42,196 INFO o.s.b.w.e.t.TomcatWebServer [main] Tomcat started on port(s): 2244 (http) with context path ''
2023-10-15 13:47:42,217 INFO o.s.b.StartupInfoLogger [main] Started Application in 7.53 seconds (process running for 8.484)
2023-10-15 13:47:42,624 INFO o.a.j.l.DirectJDKLog [RMI TCP Connection(3)-192.168.1.194] Initializing Spring DispatcherServlet 'dispatcherServlet'
2023-10-15 13:47:42,624 INFO o.s.w.s.FrameworkServlet [RMI TCP Connection(3)-192.168.1.194] Initializing Servlet 'dispatcherServlet'
2023-10-15 13:47:42,626 INFO o.s.w.s.FrameworkServlet [RMI TCP Connection(3)-192.168.1.194] Completed initialization in 0 ms
2023-10-15 13:47:43,225 INFO o.e.s.PositionService [scheduling-1] Job started
2023-10-15 13:47:44,997 INFO o.e.s.PositionService [scheduling-1] There is no new positions
2023-10-15 13:48:20,477 INFO o.s.o.j.AbstractEntityManagerFactoryBean [SpringApplicationShutdownHook] Closing JPA EntityManagerFactory for persistence unit 'default'
2023-10-15 13:48:20,622 INFO c.z.h.HikariDataSource [SpringApplicationShutdownHook] HikariPool-1 - Shutdown initiated...
2023-10-15 13:48:20,634 INFO c.z.h.HikariDataSource [SpringApplicationShutdownHook] HikariPool-1 - Shutdown completed.
2023-10-15 13:48:29,915 INFO o.s.b.StartupInfoLogger [main] Starting Application using Java 20.0.2 with PID 95841 (/Users/Taras_Kushmyruk/Downloads/VacationNotificationSystem/target/classes started by Taras_Kushmyruk in /Users/Taras_Kushmyruk/Downloads/VacationNotificationSystem)
2023-10-15 13:48:29,919 INFO o.s.b.SpringApplication [main] No active profile set, falling back to 1 default profile: "default"
2023-10-15 13:48:32,086 INFO o.s.d.r.c.RepositoryConfigurationDelegate [main] Bootstrapping Spring Data JPA repositories in DEFAULT mode.
2023-10-15 13:48:32,286 INFO o.s.d.r.c.RepositoryConfigurationDelegate [main] Finished Spring Data repository scanning in 192 ms. Found 1 JPA repository interfaces.
2023-10-15 13:48:32,579 INFO o.s.c.c.s.GenericScope [main] BeanFactory id=0b668014-afcb-38a4-ac30-d633a515b0ec
2023-10-15 13:48:33,033 INFO o.s.c.s.PostProcessorRegistrationDelegate$BeanPostProcessorChecker [main] Bean 'org.example.client.PositionClient' of type [org.springframework.cloud.openfeign.FeignClientFactoryBean] is not eligible for getting processed by all BeanPostProcessors (for example: not eligible for auto-proxying)
2023-10-15 13:48:33,038 INFO o.s.c.s.PostProcessorRegistrationDelegate$BeanPostProcessorChecker [main] Bean 'org.example.client.PostFeignClient' of type [org.springframework.cloud.openfeign.FeignClientFactoryBean] is not eligible for getting processed by all BeanPostProcessors (for example: not eligible for auto-proxying)
2023-10-15 13:48:33,042 INFO o.s.c.s.PostProcessorRegistrationDelegate$BeanPostProcessorChecker [main] Bean 'org.example.client.StaffingClient' of type [org.springframework.cloud.openfeign.FeignClientFactoryBean] is not eligible for getting processed by all BeanPostProcessors (for example: not eligible for auto-proxying)
2023-10-15 13:48:33,046 INFO o.s.c.s.PostProcessorRegistrationDelegate$BeanPostProcessorChecker [main] Bean 'org.example.client.TeamsClient' of type [org.springframework.cloud.openfeign.FeignClientFactoryBean] is not eligible for getting processed by all BeanPostProcessors (for example: not eligible for auto-proxying)
2023-10-15 13:48:33,441 INFO o.s.b.w.e.t.TomcatWebServer [main] Tomcat initialized with port(s): 2244 (http)
2023-10-15 13:48:33,451 INFO o.a.j.l.DirectJDKLog [main] Initializing ProtocolHandler ["http-nio-2244"]
2023-10-15 13:48:33,453 INFO o.a.j.l.DirectJDKLog [main] Starting service [Tomcat]
2023-10-15 13:48:33,453 INFO o.a.j.l.DirectJDKLog [main] Starting Servlet engine: [Apache Tomcat/10.1.10]
2023-10-15 13:48:33,555 INFO o.a.j.l.DirectJDKLog [main] Initializing Spring embedded WebApplicationContext
2023-10-15 13:48:33,557 INFO o.s.b.w.s.c.ServletWebServerApplicationContext [main] Root WebApplicationContext: initialization completed in 3059 ms
2023-10-15 13:48:33,811 INFO c.z.h.HikariDataSource [main] HikariPool-1 - Starting...
2023-10-15 13:48:33,956 INFO c.z.h.p.HikariPool [main] HikariPool-1 - Added connection conn0: url=jdbc:h2:mem:mydb user=SA
2023-10-15 13:48:33,957 INFO c.z.h.HikariDataSource [main] HikariPool-1 - Start completed.
2023-10-15 13:48:34,001 INFO o.h.j.i.u.LogHelper [main] HHH000204: Processing PersistenceUnitInfo [name: default]
2023-10-15 13:48:34,048 INFO o.h.Version [main] HHH000412: Hibernate ORM core version 6.2.5.Final
2023-10-15 13:48:34,049 INFO o.h.c.Environment [main] HHH000406: Using bytecode reflection optimizer
2023-10-15 13:48:34,138 INFO o.h.b.i.BytecodeProviderInitiator [main] HHH000021: Bytecode provider name : bytebuddy
2023-10-15 13:48:34,221 INFO o.s.o.j.p.SpringPersistenceUnitInfo [main] No LoadTimeWeaver setup: ignoring JPA class transformer
2023-10-15 13:48:34,372 INFO o.h.b.i.BytecodeProviderInitiator [main] HHH000021: Bytecode provider name : bytebuddy
2023-10-15 13:48:35,001 INFO o.h.e.t.j.p.i.JtaPlatformInitiator [main] HHH000490: Using JtaPlatform implementation: [org.hibernate.engine.transaction.jta.platform.internal.NoJtaPlatform]
2023-10-15 13:48:35,042 INFO o.s.o.j.AbstractEntityManagerFactoryBean [main] Initialized JPA EntityManagerFactory for persistence unit 'default'
2023-10-15 13:48:35,457 INFO o.s.d.j.r.q.QueryEnhancerFactory [main] Hibernate is in classpath; If applicable, HQL parser will be used.
2023-10-15 13:48:36,003 WARN o.s.b.a.o.j.JpaBaseConfiguration$JpaWebConfiguration [main] spring.jpa.open-in-view is enabled by default. Therefore, database queries may be performed during view rendering. Explicitly configure spring.jpa.open-in-view to disable this warning
2023-10-15 13:48:36,937 INFO o.s.b.a.e.w.EndpointLinksResolver [main] Exposing 1 endpoint(s) beneath base path '/actuator'
2023-10-15 13:48:37,011 INFO o.a.j.l.DirectJDKLog [main] Starting ProtocolHandler ["http-nio-2244"]
2023-10-15 13:48:37,025 INFO o.s.b.w.e.t.TomcatWebServer [main] Tomcat started on port(s): 2244 (http) with context path ''
2023-10-15 13:48:37,046 INFO o.s.b.StartupInfoLogger [main] Started Application in 8.409 seconds (process running for 9.292)
2023-10-15 13:48:37,818 INFO o.a.j.l.DirectJDKLog [RMI TCP Connection(1)-192.168.1.194] Initializing Spring DispatcherServlet 'dispatcherServlet'
2023-10-15 13:48:37,819 INFO o.s.w.s.FrameworkServlet [RMI TCP Connection(1)-192.168.1.194] Initializing Servlet 'dispatcherServlet'
2023-10-15 13:48:37,820 INFO o.s.w.s.FrameworkServlet [RMI TCP Connection(1)-192.168.1.194] Completed initialization in 1 ms
2023-10-15 13:48:38,055 INFO o.e.s.PositionService [scheduling-1] Job started
2023-10-15 13:48:39,666 INFO o.e.s.PositionService [scheduling-1] There is no new positions
2023-10-15 13:48:56,098 INFO o.s.o.j.AbstractEntityManagerFactoryBean [SpringApplicationShutdownHook] Closing JPA EntityManagerFactory for persistence unit 'default'
2023-10-15 13:48:56,237 INFO c.z.h.HikariDataSource [SpringApplicationShutdownHook] HikariPool-1 - Shutdown initiated...
2023-10-15 13:48:56,244 INFO c.z.h.HikariDataSource [SpringApplicationShutdownHook] HikariPool-1 - Shutdown completed.
2023-10-15 13:49:25,635 INFO o.s.b.StartupInfoLogger [main] Starting Application using Java 20.0.2 with PID 95882 (/Users/Taras_Kushmyruk/Downloads/VacationNotificationSystem/target/classes started by Taras_Kushmyruk in /Users/Taras_Kushmyruk/Downloads/VacationNotificationSystem)
2023-10-15 13:49:25,638 INFO o.s.b.SpringApplication [main] No active profile set, falling back to 1 default profile: "default"
2023-10-15 13:49:27,330 INFO o.s.d.r.c.RepositoryConfigurationDelegate [main] Bootstrapping Spring Data JPA repositories in DEFAULT mode.
2023-10-15 13:49:27,477 INFO o.s.d.r.c.RepositoryConfigurationDelegate [main] Finished Spring Data repository scanning in 140 ms. Found 1 JPA repository interfaces.
2023-10-15 13:49:27,707 INFO o.s.c.c.s.GenericScope [main] BeanFactory id=0b668014-afcb-38a4-ac30-d633a515b0ec
2023-10-15 13:49:28,037 INFO o.s.c.s.PostProcessorRegistrationDelegate$BeanPostProcessorChecker [main] Bean 'org.example.client.PositionClient' of type [org.springframework.cloud.openfeign.FeignClientFactoryBean] is not eligible for getting processed by all BeanPostProcessors (for example: not eligible for auto-proxying)
2023-10-15 13:49:28,041 INFO o.s.c.s.PostProcessorRegistrationDelegate$BeanPostProcessorChecker [main] Bean 'org.example.client.PostFeignClient' of type [org.springframework.cloud.openfeign.FeignClientFactoryBean] is not eligible for getting processed by all BeanPostProcessors (for example: not eligible for auto-proxying)
2023-10-15 13:49:28,044 INFO o.s.c.s.PostProcessorRegistrationDelegate$BeanPostProcessorChecker [main] Bean 'org.example.client.StaffingClient' of type [org.springframework.cloud.openfeign.FeignClientFactoryBean] is not eligible for getting processed by all BeanPostProcessors (for example: not eligible for auto-proxying)
2023-10-15 13:49:28,048 INFO o.s.c.s.PostProcessorRegistrationDelegate$BeanPostProcessorChecker [main] Bean 'org.example.client.TeamsClient' of type [org.springframework.cloud.openfeign.FeignClientFactoryBean] is not eligible for getting processed by all BeanPostProcessors (for example: not eligible for auto-proxying)
2023-10-15 13:49:28,364 INFO o.s.b.w.e.t.TomcatWebServer [main] Tomcat initialized with port(s): 2244 (http)
2023-10-15 13:49:28,373 INFO o.a.j.l.DirectJDKLog [main] Initializing ProtocolHandler ["http-nio-2244"]
2023-10-15 13:49:28,374 INFO o.a.j.l.DirectJDKLog [main] Starting service [Tomcat]
2023-10-15 13:49:28,375 INFO o.a.j.l.DirectJDKLog [main] Starting Servlet engine: [Apache Tomcat/10.1.10]
2023-10-15 13:49:28,461 INFO o.a.j.l.DirectJDKLog [main] Initializing Spring embedded WebApplicationContext
2023-10-15 13:49:28,462 INFO o.s.b.w.s.c.ServletWebServerApplicationContext [main] Root WebApplicationContext: initialization completed in 2409 ms
2023-10-15 13:49:28,691 INFO c.z.h.HikariDataSource [main] HikariPool-1 - Starting...
2023-10-15 13:49:28,817 INFO c.z.h.p.HikariPool [main] HikariPool-1 - Added connection conn0: url=jdbc:h2:mem:mydb user=SA
2023-10-15 13:49:28,818 INFO c.z.h.HikariDataSource [main] HikariPool-1 - Start completed.
2023-10-15 13:49:28,861 INFO o.h.j.i.u.LogHelper [main] HHH000204: Processing PersistenceUnitInfo [name: default]
2023-10-15 13:49:28,895 INFO o.h.Version [main] HHH000412: Hibernate ORM core version 6.2.5.Final
2023-10-15 13:49:28,897 INFO o.h.c.Environment [main] HHH000406: Using bytecode reflection optimizer
2023-10-15 13:49:28,987 INFO o.h.b.i.BytecodeProviderInitiator [main] HHH000021: Bytecode provider name : bytebuddy
2023-10-15 13:49:29,075 INFO o.s.o.j.p.SpringPersistenceUnitInfo [main] No LoadTimeWeaver setup: ignoring JPA class transformer
2023-10-15 13:49:29,211 INFO o.h.b.i.BytecodeProviderInitiator [main] HHH000021: Bytecode provider name : bytebuddy
2023-10-15 13:49:29,839 INFO o.h.e.t.j.p.i.JtaPlatformInitiator [main] HHH000490: Using JtaPlatform implementation: [org.hibernate.engine.transaction.jta.platform.internal.NoJtaPlatform]
2023-10-15 13:49:29,875 INFO o.s.o.j.AbstractEntityManagerFactoryBean [main] Initialized JPA EntityManagerFactory for persistence unit 'default'
2023-10-15 13:49:30,279 INFO o.s.d.j.r.q.QueryEnhancerFactory [main] Hibernate is in classpath; If applicable, HQL parser will be used.
2023-10-15 13:49:30,816 WARN o.s.b.a.o.j.JpaBaseConfiguration$JpaWebConfiguration [main] spring.jpa.open-in-view is enabled by default. Therefore, database queries may be performed during view rendering. Explicitly configure spring.jpa.open-in-view to disable this warning
2023-10-15 13:49:32,060 INFO o.s.b.a.e.w.EndpointLinksResolver [main] Exposing 1 endpoint(s) beneath base path '/actuator'
2023-10-15 13:49:32,148 INFO o.a.j.l.DirectJDKLog [main] Starting ProtocolHandler ["http-nio-2244"]
2023-10-15 13:49:32,160 INFO o.s.b.w.e.t.TomcatWebServer [main] Tomcat started on port(s): 2244 (http) with context path ''
2023-10-15 13:49:32,183 INFO o.s.b.StartupInfoLogger [main] Started Application in 7.396 seconds (process running for 8.21)
2023-10-15 13:49:32,763 INFO o.a.j.l.DirectJDKLog [RMI TCP Connection(5)-192.168.1.194] Initializing Spring DispatcherServlet 'dispatcherServlet'
2023-10-15 13:49:32,764 INFO o.s.w.s.FrameworkServlet [RMI TCP Connection(5)-192.168.1.194] Initializing Servlet 'dispatcherServlet'
2023-10-15 13:49:32,765 INFO o.s.w.s.FrameworkServlet [RMI TCP Connection(5)-192.168.1.194] Completed initialization in 1 ms
2023-10-15 13:49:33,193 INFO o.e.s.PositionService [scheduling-1] Job started
2023-10-15 13:49:34,616 INFO o.e.s.PositionService [scheduling-1] There is no new positions
2023-10-15 13:49:46,095 INFO o.s.o.j.AbstractEntityManagerFactoryBean [SpringApplicationShutdownHook] Closing JPA EntityManagerFactory for persistence unit 'default'
2023-10-15 13:49:46,229 INFO c.z.h.HikariDataSource [SpringApplicationShutdownHook] HikariPool-1 - Shutdown initiated...
2023-10-15 13:49:46,238 INFO c.z.h.HikariDataSource [SpringApplicationShutdownHook] HikariPool-1 - Shutdown completed.
2023-10-15 13:49:52,483 INFO o.s.b.StartupInfoLogger [main] Starting Application using Java 20.0.2 with PID 95899 (/Users/Taras_Kushmyruk/Downloads/VacationNotificationSystem/target/classes started by Taras_Kushmyruk in /Users/Taras_Kushmyruk/Downloads/VacationNotificationSystem)
2023-10-15 13:49:52,486 INFO o.s.b.SpringApplication [main] No active profile set, falling back to 1 default profile: "default"
2023-10-15 13:49:54,119 INFO o.s.d.r.c.RepositoryConfigurationDelegate [main] Bootstrapping Spring Data JPA repositories in DEFAULT mode.
2023-10-15 13:49:54,255 INFO o.s.d.r.c.RepositoryConfigurationDelegate [main] Finished Spring Data repository scanning in 129 ms. Found 1 JPA repository interfaces.
2023-10-15 13:49:54,469 INFO o.s.c.c.s.GenericScope [main] BeanFactory id=0b668014-afcb-38a4-ac30-d633a515b0ec
2023-10-15 13:49:54,756 INFO o.s.c.s.PostProcessorRegistrationDelegate$BeanPostProcessorChecker [main] Bean 'org.example.client.PositionClient' of type [org.springframework.cloud.openfeign.FeignClientFactoryBean] is not eligible for getting processed by all BeanPostProcessors (for example: not eligible for auto-proxying)
2023-10-15 13:49:54,762 INFO o.s.c.s.PostProcessorRegistrationDelegate$BeanPostProcessorChecker [main] Bean 'org.example.client.PostFeignClient' of type [org.springframework.cloud.openfeign.FeignClientFactoryBean] is not eligible for getting processed by all BeanPostProcessors (for example: not eligible for auto-proxying)
2023-10-15 13:49:54,765 INFO o.s.c.s.PostProcessorRegistrationDelegate$BeanPostProcessorChecker [main] Bean 'org.example.client.StaffingClient' of type [org.springframework.cloud.openfeign.FeignClientFactoryBean] is not eligible for getting processed by all BeanPostProcessors (for example: not eligible for auto-proxying)
2023-10-15 13:49:54,768 INFO o.s.c.s.PostProcessorRegistrationDelegate$BeanPostProcessorChecker [main] Bean 'org.example.client.TeamsClient' of type [org.springframework.cloud.openfeign.FeignClientFactoryBean] is not eligible for getting processed by all BeanPostProcessors (for example: not eligible for auto-proxying)
2023-10-15 13:49:55,124 INFO o.s.b.w.e.t.TomcatWebServer [main] Tomcat initialized with port(s): 2244 (http)
2023-10-15 13:49:55,134 INFO o.a.j.l.DirectJDKLog [main] Initializing ProtocolHandler ["http-nio-2244"]
2023-10-15 13:49:55,135 INFO o.a.j.l.DirectJDKLog [main] Starting service [Tomcat]
2023-10-15 13:49:55,136 INFO o.a.j.l.DirectJDKLog [main] Starting Servlet engine: [Apache Tomcat/10.1.10]
2023-10-15 13:49:55,234 INFO o.a.j.l.DirectJDKLog [main] Initializing Spring embedded WebApplicationContext
2023-10-15 13:49:55,235 INFO o.s.b.w.s.c.ServletWebServerApplicationContext [main] Root WebApplicationContext: initialization completed in 2326 ms
2023-10-15 13:49:55,450 INFO c.z.h.HikariDataSource [main] HikariPool-1 - Starting...
2023-10-15 13:49:55,565 INFO c.z.h.p.HikariPool [main] HikariPool-1 - Added connection conn0: url=jdbc:h2:mem:mydb user=SA
2023-10-15 13:49:55,567 INFO c.z.h.HikariDataSource [main] HikariPool-1 - Start completed.
2023-10-15 13:49:55,603 INFO o.h.j.i.u.LogHelper [main] HHH000204: Processing PersistenceUnitInfo [name: default]
2023-10-15 13:49:55,640 INFO o.h.Version [main] HHH000412: Hibernate ORM core version 6.2.5.Final
2023-10-15 13:49:55,642 INFO o.h.c.Environment [main] HHH000406: Using bytecode reflection optimizer
2023-10-15 13:49:55,724 INFO o.h.b.i.BytecodeProviderInitiator [main] HHH000021: Bytecode provider name : bytebuddy
2023-10-15 13:49:55,804 INFO o.s.o.j.p.SpringPersistenceUnitInfo [main] No LoadTimeWeaver setup: ignoring JPA class transformer
2023-10-15 13:49:55,939 INFO o.h.b.i.BytecodeProviderInitiator [main] HHH000021: Bytecode provider name : bytebuddy
2023-10-15 13:49:56,534 INFO o.h.e.t.j.p.i.JtaPlatformInitiator [main] HHH000490: Using JtaPlatform implementation: [org.hibernate.engine.transaction.jta.platform.internal.NoJtaPlatform]
2023-10-15 13:49:56,569 INFO o.s.o.j.AbstractEntityManagerFactoryBean [main] Initialized JPA EntityManagerFactory for persistence unit 'default'
2023-10-15 13:49:56,940 INFO o.s.d.j.r.q.QueryEnhancerFactory [main] Hibernate is in classpath; If applicable, HQL parser will be used.
2023-10-15 13:49:57,441 WARN o.s.b.a.o.j.JpaBaseConfiguration$JpaWebConfiguration [main] spring.jpa.open-in-view is enabled by default. Therefore, database queries may be performed during view rendering. Explicitly configure spring.jpa.open-in-view to disable this warning
2023-10-15 13:49:58,279 INFO o.s.b.a.e.w.EndpointLinksResolver [main] Exposing 1 endpoint(s) beneath base path '/actuator'
2023-10-15 13:49:58,353 INFO o.a.j.l.DirectJDKLog [main] Starting ProtocolHandler ["http-nio-2244"]
2023-10-15 13:49:58,365 INFO o.s.b.w.e.t.TomcatWebServer [main] Tomcat started on port(s): 2244 (http) with context path ''
2023-10-15 13:49:58,386 INFO o.s.b.StartupInfoLogger [main] Started Application in 6.613 seconds (process running for 7.388)
2023-10-15 13:49:58,666 INFO o.a.j.l.DirectJDKLog [RMI TCP Connection(1)-192.168.1.194] Initializing Spring DispatcherServlet 'dispatcherServlet'
2023-10-15 13:49:58,667 INFO o.s.w.s.FrameworkServlet [RMI TCP Connection(1)-192.168.1.194] Initializing Servlet 'dispatcherServlet'
2023-10-15 13:49:58,669 INFO o.s.w.s.FrameworkServlet [RMI TCP Connection(1)-192.168.1.194] Completed initialization in 2 ms
2023-10-15 13:49:59,395 INFO o.e.s.PositionService [scheduling-1] Job started
2023-10-15 13:50:01,548 INFO o.e.s.PositionService [scheduling-1] There is no new positions
2023-10-15 13:54:59,131 INFO o.s.o.j.AbstractEntityManagerFactoryBean [SpringApplicationShutdownHook] Closing JPA EntityManagerFactory for persistence unit 'default'
2023-10-15 13:54:59,284 INFO c.z.h.HikariDataSource [SpringApplicationShutdownHook] HikariPool-1 - Shutdown initiated...
2023-10-15 13:54:59,293 INFO c.z.h.HikariDataSource [SpringApplicationShutdownHook] HikariPool-1 - Shutdown completed.
2023-10-15 13:55:06,345 INFO o.s.b.StartupInfoLogger [main] Starting Application using Java 20.0.2 with PID 96552 (/Users/Taras_Kushmyruk/Downloads/VacationNotificationSystem/target/classes started by Taras_Kushmyruk in /Users/Taras_Kushmyruk/Downloads/VacationNotificationSystem)
2023-10-15 13:55:06,347 INFO o.s.b.SpringApplication [main] No active profile set, falling back to 1 default profile: "default"
2023-10-15 13:55:07,980 INFO o.s.d.r.c.RepositoryConfigurationDelegate [main] Bootstrapping Spring Data JPA repositories in DEFAULT mode.
2023-10-15 13:55:08,114 INFO o.s.d.r.c.RepositoryConfigurationDelegate [main] Finished Spring Data repository scanning in 127 ms. Found 1 JPA repository interfaces.
2023-10-15 13:55:08,327 INFO o.s.c.c.s.GenericScope [main] BeanFactory id=0b668014-afcb-38a4-ac30-d633a515b0ec
2023-10-15 13:55:08,652 INFO o.s.c.s.PostProcessorRegistrationDelegate$BeanPostProcessorChecker [main] Bean 'org.example.client.PositionClient' of type [org.springframework.cloud.openfeign.FeignClientFactoryBean] is not eligible for getting processed by all BeanPostProcessors (for example: not eligible for auto-proxying)
2023-10-15 13:55:08,657 INFO o.s.c.s.PostProcessorRegistrationDelegate$BeanPostProcessorChecker [main] Bean 'org.example.client.PostFeignClient' of type [org.springframework.cloud.openfeign.FeignClientFactoryBean] is not eligible for getting processed by all BeanPostProcessors (for example: not eligible for auto-proxying)
2023-10-15 13:55:08,661 INFO o.s.c.s.PostProcessorRegistrationDelegate$BeanPostProcessorChecker [main] Bean 'org.example.client.StaffingClient' of type [org.springframework.cloud.openfeign.FeignClientFactoryBean] is not eligible for getting processed by all BeanPostProcessors (for example: not eligible for auto-proxying)
2023-10-15 13:55:08,664 INFO o.s.c.s.PostProcessorRegistrationDelegate$BeanPostProcessorChecker [main] Bean 'org.example.client.TeamsClient' of type [org.springframework.cloud.openfeign.FeignClientFactoryBean] is not eligible for getting processed by all BeanPostProcessors (for example: not eligible for auto-proxying)
2023-10-15 13:55:09,003 INFO o.s.b.w.e.t.TomcatWebServer [main] Tomcat initialized with port(s): 2244 (http)
2023-10-15 13:55:09,011 INFO o.a.j.l.DirectJDKLog [main] Initializing ProtocolHandler ["http-nio-2244"]
2023-10-15 13:55:09,012 INFO o.a.j.l.DirectJDKLog [main] Starting service [Tomcat]
2023-10-15 13:55:09,013 INFO o.a.j.l.DirectJDKLog [main] Starting Servlet engine: [Apache Tomcat/10.1.10]
2023-10-15 13:55:09,097 INFO o.a.j.l.DirectJDKLog [main] Initializing Spring embedded WebApplicationContext
2023-10-15 13:55:09,099 INFO o.s.b.w.s.c.ServletWebServerApplicationContext [main] Root WebApplicationContext: initialization completed in 2342 ms
2023-10-15 13:55:09,317 INFO c.z.h.HikariDataSource [main] HikariPool-1 - Starting...
2023-10-15 13:55:09,433 INFO c.z.h.p.HikariPool [main] HikariPool-1 - Added connection conn0: url=jdbc:h2:mem:mydb user=SA
2023-10-15 13:55:09,435 INFO c.z.h.HikariDataSource [main] HikariPool-1 - Start completed.
2023-10-15 13:55:09,473 INFO o.h.j.i.u.LogHelper [main] HHH000204: Processing PersistenceUnitInfo [name: default]
2023-10-15 13:55:09,511 INFO o.h.Version [main] HHH000412: Hibernate ORM core version 6.2.5.Final
2023-10-15 13:55:09,513 INFO o.h.c.Environment [main] HHH000406: Using bytecode reflection optimizer
2023-10-15 13:55:09,597 INFO o.h.b.i.BytecodeProviderInitiator [main] HHH000021: Bytecode provider name : bytebuddy
2023-10-15 13:55:09,675 INFO o.s.o.j.p.SpringPersistenceUnitInfo [main] No LoadTimeWeaver setup: ignoring JPA class transformer
2023-10-15 13:55:09,801 INFO o.h.b.i.BytecodeProviderInitiator [main] HHH000021: Bytecode provider name : bytebuddy
2023-10-15 13:55:10,393 INFO o.h.e.t.j.p.i.JtaPlatformInitiator [main] HHH000490: Using JtaPlatform implementation: [org.hibernate.engine.transaction.jta.platform.internal.NoJtaPlatform]
2023-10-15 13:55:10,428 INFO o.s.o.j.AbstractEntityManagerFactoryBean [main] Initialized JPA EntityManagerFactory for persistence unit 'default'
2023-10-15 13:55:10,793 INFO o.s.d.j.r.q.QueryEnhancerFactory [main] Hibernate is in classpath; If applicable, HQL parser will be used.
2023-10-15 13:55:11,322 WARN o.s.b.a.o.j.JpaBaseConfiguration$JpaWebConfiguration [main] spring.jpa.open-in-view is enabled by default. Therefore, database queries may be performed during view rendering. Explicitly configure spring.jpa.open-in-view to disable this warning
2023-10-15 13:55:12,347 INFO o.s.b.a.e.w.EndpointLinksResolver [main] Exposing 1 endpoint(s) beneath base path '/actuator'
2023-10-15 13:55:12,431 INFO o.a.j.l.DirectJDKLog [main] Starting ProtocolHandler ["http-nio-2244"]
2023-10-15 13:55:12,445 INFO o.s.b.w.e.t.TomcatWebServer [main] Tomcat started on port(s): 2244 (http) with context path ''
2023-10-15 13:55:12,468 INFO o.s.b.StartupInfoLogger [main] Started Application in 6.855 seconds (process running for 7.712)
2023-10-15 13:55:13,070 INFO o.a.j.l.DirectJDKLog [RMI TCP Connection(2)-192.168.1.194] Initializing Spring DispatcherServlet 'dispatcherServlet'
2023-10-15 13:55:13,071 INFO o.s.w.s.FrameworkServlet [RMI TCP Connection(2)-192.168.1.194] Initializing Servlet 'dispatcherServlet'
2023-10-15 13:55:13,072 INFO o.s.w.s.FrameworkServlet [RMI TCP Connection(2)-192.168.1.194] Completed initialization in 1 ms
2023-10-15 13:55:13,479 INFO o.e.s.PositionService [scheduling-1] Job started
2023-10-15 13:55:31,711 INFO o.e.s.PositionService [scheduling-1] There is no new positions
